[2021-03-28 11:24:26.096] [exthost] [info] extension host started
[2021-03-28 11:24:26.265] [exthost] [info] extension host started
[2021-03-28 11:24:26.284] [exthost] [info] ExtensionService#_doActivateExtension HookyQR.beautify {"startup":true,"extensionId":{"value":"HookyQR.beautify","_lower":"hookyqr.beautify"},"activationEvent":"*"}
[2021-03-28 11:24:26.285] [exthost] [info] ExtensionService#loadCommonJSModule file:///c:/Users/Kruno/Downloads/eclipse-java-2020-12-R-win32-x86_64/eclipse/plugins/pack.core.win_3.6.0.202007171759/HookyQR.beautify-1.4.11/extension
[2021-03-28 11:24:26.353] [exthost] [info] ExtensionService#_doActivateExtension christian-kohler.path-intellisense {"startup":true,"extensionId":{"value":"christian-kohler.path-intellisense","_lower":"christian-kohler.path-intellisense"},"activationEvent":"*"}
[2021-03-28 11:24:26.354] [exthost] [info] ExtensionService#loadCommonJSModule file:///c:/Users/Kruno/Downloads/eclipse-java-2020-12-R-win32-x86_64/eclipse/plugins/pack.core.win_3.6.0.202007171759/christian-kohler.path-intellisense-1.4.2/out/src/extension
[2021-03-28 11:24:26.372] [exthost] [info] ExtensionService#_doActivateExtension dbaeumer.vscode-eslint {"startup":true,"extensionId":{"value":"dbaeumer.vscode-eslint","_lower":"dbaeumer.vscode-eslint"},"activationEvent":"*"}
[2021-03-28 11:24:26.372] [exthost] [info] ExtensionService#loadCommonJSModule file:///c:/Users/Kruno/Downloads/eclipse-java-2020-12-R-win32-x86_64/eclipse/plugins/pack.core.win_3.6.0.202007171759/dbaeumer.vscode-eslint-1.9.0/client/out/extension
[2021-03-28 11:24:26.384] [exthost] [info] ExtensionService#_doActivateExtension vscode.debug-auto-launch {"startup":true,"extensionId":{"value":"vscode.debug-auto-launch","_lower":"vscode.debug-auto-launch"},"activationEvent":"*"}
[2021-03-28 11:24:26.384] [exthost] [info] ExtensionService#loadCommonJSModule file:///c:/Users/Kruno/Downloads/eclipse-java-2020-12-R-win32-x86_64/eclipse/plugins/com.genuitec.eclipse.code.engine.app.win32.x86_64_3.6.0.202002212104/engine/resources/app/extensions/debug-auto-launch/dist/extension
[2021-03-28 11:24:26.387] [exthost] [info] ExtensionService#_doActivateExtension vscode.emmet {"startup":true,"extensionId":{"value":"vscode.emmet","_lower":"vscode.emmet"},"activationEvent":"*"}
[2021-03-28 11:24:26.387] [exthost] [info] ExtensionService#loadCommonJSModule file:///c:/Users/Kruno/Downloads/eclipse-java-2020-12-R-win32-x86_64/eclipse/plugins/com.genuitec.eclipse.code.engine.app.win32.x86_64_3.6.0.202002212104/engine/resources/app/extensions/emmet/dist/extension
[2021-03-28 11:24:26.408] [exthost] [info] ExtensionService#_doActivateExtension formulahendry.auto-close-tag {"startup":true,"extensionId":{"value":"formulahendry.auto-close-tag","_lower":"formulahendry.auto-close-tag"},"activationEvent":"*"}
[2021-03-28 11:24:26.408] [exthost] [info] ExtensionService#loadCommonJSModule file:///c:/Users/Kruno/Downloads/eclipse-java-2020-12-R-win32-x86_64/eclipse/plugins/pack.core.win_3.6.0.202007171759/formulahendry.auto-close-tag-0.5.6/out/src/extension
[2021-03-28 11:24:26.416] [exthost] [info] eager extensions activated
[2021-03-28 11:24:27.055] [exthost] [info] ExtensionService#_doActivateExtension vscode.grunt {"startup":false,"extensionId":{"value":"vscode.grunt","_lower":"vscode.grunt"},"activationEvent":"onCommand:workbench.action.tasks.runTask"}
[2021-03-28 11:24:27.056] [exthost] [info] ExtensionService#loadCommonJSModule file:///c:/Users/Kruno/Downloads/eclipse-java-2020-12-R-win32-x86_64/eclipse/plugins/com.genuitec.eclipse.code.engine.app.win32.x86_64_3.6.0.202002212104/engine/resources/app/extensions/grunt/dist/main
[2021-03-28 11:24:27.060] [exthost] [info] ExtensionService#_doActivateExtension vscode.gulp {"startup":false,"extensionId":{"value":"vscode.gulp","_lower":"vscode.gulp"},"activationEvent":"onCommand:workbench.action.tasks.runTask"}
[2021-03-28 11:24:27.060] [exthost] [info] ExtensionService#loadCommonJSModule file:///c:/Users/Kruno/Downloads/eclipse-java-2020-12-R-win32-x86_64/eclipse/plugins/com.genuitec.eclipse.code.engine.app.win32.x86_64_3.6.0.202002212104/engine/resources/app/extensions/gulp/dist/main
[2021-03-28 11:24:27.062] [exthost] [info] ExtensionService#_doActivateExtension vscode.jake {"startup":false,"extensionId":{"value":"vscode.jake","_lower":"vscode.jake"},"activationEvent":"onCommand:workbench.action.tasks.runTask"}
[2021-03-28 11:24:27.062] [exthost] [info] ExtensionService#loadCommonJSModule file:///c:/Users/Kruno/Downloads/eclipse-java-2020-12-R-win32-x86_64/eclipse/plugins/com.genuitec.eclipse.code.engine.app.win32.x86_64_3.6.0.202002212104/engine/resources/app/extensions/jake/dist/main
[2021-03-28 11:24:27.065] [exthost] [info] ExtensionService#_doActivateExtension vscode.npm {"startup":false,"extensionId":{"value":"vscode.npm","_lower":"vscode.npm"},"activationEvent":"onCommand:workbench.action.tasks.runTask"}
[2021-03-28 11:24:27.065] [exthost] [info] ExtensionService#loadCommonJSModule file:///c:/Users/Kruno/Downloads/eclipse-java-2020-12-R-win32-x86_64/eclipse/plugins/com.genuitec.eclipse.code.engine.app.win32.x86_64_3.6.0.202002212104/engine/resources/app/extensions/npm/dist/main
[2021-03-28 11:24:27.075] [exthost] [info] ExtensionService#_doActivateExtension vscode.typescript-language-features {"startup":false,"extensionId":{"value":"vscode.typescript-language-features","_lower":"vscode.typescript-language-features"},"activationEvent":"onCommand:workbench.action.tasks.runTask"}
[2021-03-28 11:24:27.075] [exthost] [info] ExtensionService#loadCommonJSModule file:///c:/Users/Kruno/Downloads/eclipse-java-2020-12-R-win32-x86_64/eclipse/plugins/com.genuitec.eclipse.code.engine.app.win32.x86_64_3.6.0.202002212104/engine/resources/app/extensions/typescript-language-features/dist/extension
[2021-03-28 11:27:09.219] [exthost] [info] ExtensionService#_doActivateExtension vscode.configuration-editing {"startup":false,"extensionId":{"value":"vscode.configuration-editing","_lower":"vscode.configuration-editing"},"activationEvent":"onLanguage:jsonc"}
[2021-03-28 11:27:09.219] [exthost] [info] ExtensionService#loadCommonJSModule file:///c:/Users/Kruno/Downloads/eclipse-java-2020-12-R-win32-x86_64/eclipse/plugins/com.genuitec.eclipse.code.engine.app.win32.x86_64_3.6.0.202002212104/engine/resources/app/extensions/configuration-editing/dist/extension
[2021-03-28 11:27:09.260] [exthost] [info] ExtensionService#_doActivateExtension vscode.json-language-features {"startup":false,"extensionId":{"value":"vscode.json-language-features","_lower":"vscode.json-language-features"},"activationEvent":"onLanguage:jsonc"}
[2021-03-28 11:27:09.260] [exthost] [info] ExtensionService#loadCommonJSModule file:///c:/Users/Kruno/Downloads/eclipse-java-2020-12-R-win32-x86_64/eclipse/plugins/com.genuitec.eclipse.code.engine.app.win32.x86_64_3.6.0.202002212104/engine/resources/app/extensions/json-language-features/client/dist/jsonMain
[2021-03-28 11:27:10.149] [exthost] [info] extension host started
[2021-03-28 11:27:10.168] [exthost] [info] ExtensionService#_doActivateExtension vscode.python {"startup":false,"extensionId":{"value":"vscode.python","_lower":"vscode.python"},"activationEvent":"onLanguage:python"}
[2021-03-28 11:27:10.168] [exthost] [info] ExtensionService#loadCommonJSModule file:///c:/Users/Kruno/Downloads/eclipse-java-2020-12-R-win32-x86_64/eclipse/plugins/com.genuitec.eclipse.code.engine.app.win32.x86_64_3.6.0.202002212104/engine/resources/app/extensions/python/dist/pythonMain
[2021-03-28 11:27:10.171] [exthost] [info] ExtensionService#_doActivateExtension vscode.grunt {"startup":false,"extensionId":{"value":"vscode.grunt","_lower":"vscode.grunt"},"activationEvent":"onCommand:workbench.action.tasks.runTask"}
[2021-03-28 11:27:10.172] [exthost] [info] ExtensionService#loadCommonJSModule file:///c:/Users/Kruno/Downloads/eclipse-java-2020-12-R-win32-x86_64/eclipse/plugins/com.genuitec.eclipse.code.engine.app.win32.x86_64_3.6.0.202002212104/engine/resources/app/extensions/grunt/dist/main
[2021-03-28 11:27:10.174] [exthost] [info] ExtensionService#_doActivateExtension vscode.gulp {"startup":false,"extensionId":{"value":"vscode.gulp","_lower":"vscode.gulp"},"activationEvent":"onCommand:workbench.action.tasks.runTask"}
[2021-03-28 11:27:10.174] [exthost] [info] ExtensionService#loadCommonJSModule file:///c:/Users/Kruno/Downloads/eclipse-java-2020-12-R-win32-x86_64/eclipse/plugins/com.genuitec.eclipse.code.engine.app.win32.x86_64_3.6.0.202002212104/engine/resources/app/extensions/gulp/dist/main
[2021-03-28 11:27:10.176] [exthost] [info] ExtensionService#_doActivateExtension vscode.jake {"startup":false,"extensionId":{"value":"vscode.jake","_lower":"vscode.jake"},"activationEvent":"onCommand:workbench.action.tasks.runTask"}
[2021-03-28 11:27:10.176] [exthost] [info] ExtensionService#loadCommonJSModule file:///c:/Users/Kruno/Downloads/eclipse-java-2020-12-R-win32-x86_64/eclipse/plugins/com.genuitec.eclipse.code.engine.app.win32.x86_64_3.6.0.202002212104/engine/resources/app/extensions/jake/dist/main
[2021-03-28 11:27:10.178] [exthost] [info] ExtensionService#_doActivateExtension vscode.npm {"startup":false,"extensionId":{"value":"vscode.npm","_lower":"vscode.npm"},"activationEvent":"onCommand:workbench.action.tasks.runTask"}
[2021-03-28 11:27:10.178] [exthost] [info] ExtensionService#loadCommonJSModule file:///c:/Users/Kruno/Downloads/eclipse-java-2020-12-R-win32-x86_64/eclipse/plugins/com.genuitec.eclipse.code.engine.app.win32.x86_64_3.6.0.202002212104/engine/resources/app/extensions/npm/dist/main
[2021-03-28 11:27:10.183] [exthost] [info] ExtensionService#_doActivateExtension vscode.typescript-language-features {"startup":false,"extensionId":{"value":"vscode.typescript-language-features","_lower":"vscode.typescript-language-features"},"activationEvent":"onCommand:workbench.action.tasks.runTask"}
[2021-03-28 11:27:10.184] [exthost] [info] ExtensionService#loadCommonJSModule file:///c:/Users/Kruno/Downloads/eclipse-java-2020-12-R-win32-x86_64/eclipse/plugins/com.genuitec.eclipse.code.engine.app.win32.x86_64_3.6.0.202002212104/engine/resources/app/extensions/typescript-language-features/dist/extension
[2021-03-28 11:27:10.194] [exthost] [info] ExtensionService#_doActivateExtension vscode.configuration-editing {"startup":false,"extensionId":{"value":"vscode.configuration-editing","_lower":"vscode.configuration-editing"},"activationEvent":"onLanguage:jsonc"}
[2021-03-28 11:27:10.194] [exthost] [info] ExtensionService#loadCommonJSModule file:///c:/Users/Kruno/Downloads/eclipse-java-2020-12-R-win32-x86_64/eclipse/plugins/com.genuitec.eclipse.code.engine.app.win32.x86_64_3.6.0.202002212104/engine/resources/app/extensions/configuration-editing/dist/extension
[2021-03-28 11:27:10.198] [exthost] [info] ExtensionService#_doActivateExtension vscode.json-language-features {"startup":false,"extensionId":{"value":"vscode.json-language-features","_lower":"vscode.json-language-features"},"activationEvent":"onLanguage:jsonc"}
[2021-03-28 11:27:10.198] [exthost] [info] ExtensionService#loadCommonJSModule file:///c:/Users/Kruno/Downloads/eclipse-java-2020-12-R-win32-x86_64/eclipse/plugins/com.genuitec.eclipse.code.engine.app.win32.x86_64_3.6.0.202002212104/engine/resources/app/extensions/json-language-features/client/dist/jsonMain
[2021-03-28 11:27:10.221] [exthost] [info] ExtensionService#_doActivateExtension HookyQR.beautify {"startup":true,"extensionId":{"value":"HookyQR.beautify","_lower":"hookyqr.beautify"},"activationEvent":"*"}
[2021-03-28 11:27:10.221] [exthost] [info] ExtensionService#loadCommonJSModule file:///c:/Users/Kruno/Downloads/eclipse-java-2020-12-R-win32-x86_64/eclipse/plugins/pack.core.win_3.6.0.202007171759/HookyQR.beautify-1.4.11/extension
[2021-03-28 11:27:10.263] [exthost] [info] ExtensionService#_doActivateExtension christian-kohler.path-intellisense {"startup":true,"extensionId":{"value":"christian-kohler.path-intellisense","_lower":"christian-kohler.path-intellisense"},"activationEvent":"*"}
[2021-03-28 11:27:10.263] [exthost] [info] ExtensionService#loadCommonJSModule file:///c:/Users/Kruno/Downloads/eclipse-java-2020-12-R-win32-x86_64/eclipse/plugins/pack.core.win_3.6.0.202007171759/christian-kohler.path-intellisense-1.4.2/out/src/extension
[2021-03-28 11:27:10.273] [exthost] [info] ExtensionService#_doActivateExtension dbaeumer.vscode-eslint {"startup":true,"extensionId":{"value":"dbaeumer.vscode-eslint","_lower":"dbaeumer.vscode-eslint"},"activationEvent":"*"}
[2021-03-28 11:27:10.273] [exthost] [info] ExtensionService#loadCommonJSModule file:///c:/Users/Kruno/Downloads/eclipse-java-2020-12-R-win32-x86_64/eclipse/plugins/pack.core.win_3.6.0.202007171759/dbaeumer.vscode-eslint-1.9.0/client/out/extension
[2021-03-28 11:27:10.277] [exthost] [info] ExtensionService#_doActivateExtension vscode.debug-auto-launch {"startup":true,"extensionId":{"value":"vscode.debug-auto-launch","_lower":"vscode.debug-auto-launch"},"activationEvent":"*"}
[2021-03-28 11:27:10.277] [exthost] [info] ExtensionService#loadCommonJSModule file:///c:/Users/Kruno/Downloads/eclipse-java-2020-12-R-win32-x86_64/eclipse/plugins/com.genuitec.eclipse.code.engine.app.win32.x86_64_3.6.0.202002212104/engine/resources/app/extensions/debug-auto-launch/dist/extension
[2021-03-28 11:27:10.278] [exthost] [info] ExtensionService#_doActivateExtension vscode.emmet {"startup":true,"extensionId":{"value":"vscode.emmet","_lower":"vscode.emmet"},"activationEvent":"*"}
[2021-03-28 11:27:10.278] [exthost] [info] ExtensionService#loadCommonJSModule file:///c:/Users/Kruno/Downloads/eclipse-java-2020-12-R-win32-x86_64/eclipse/plugins/com.genuitec.eclipse.code.engine.app.win32.x86_64_3.6.0.202002212104/engine/resources/app/extensions/emmet/dist/extension
[2021-03-28 11:27:10.286] [exthost] [info] ExtensionService#_doActivateExtension formulahendry.auto-close-tag {"startup":true,"extensionId":{"value":"formulahendry.auto-close-tag","_lower":"formulahendry.auto-close-tag"},"activationEvent":"*"}
[2021-03-28 11:27:10.286] [exthost] [info] ExtensionService#loadCommonJSModule file:///c:/Users/Kruno/Downloads/eclipse-java-2020-12-R-win32-x86_64/eclipse/plugins/pack.core.win_3.6.0.202007171759/formulahendry.auto-close-tag-0.5.6/out/src/extension
[2021-03-28 11:27:10.294] [exthost] [info] eager extensions activated
